This file contains any messages produced by compilers while
running configure, to aid debugging if configure makes a mistake.

It was created by xapian-omega configure 1.0.17, which was
generated by GNU Autoconf 2.63.  Invocation command line was

  $ ./configure 

## --------- ##
## Platform. ##
## --------- ##

hostname = folders
uname -m = x86_64
uname -r = 2.6.31-ARCH
uname -s = Linux
uname -v = #1 SMP PREEMPT Tue Nov 10 19:01:40 CET 2009

/usr/bin/uname -p = unknown
/bin/uname -X     = unknown

/bin/arch              = x86_64
/usr/bin/arch -k       = unknown
/usr/convex/getsysinfo = unknown
/usr/bin/hostinfo      = unknown
/bin/machine           = unknown
/usr/bin/oslevel       = unknown
/bin/universe          = unknown

PATH: /opt/wine/bin
PATH: /bin
PATH: /usr/bin
PATH: /sbin
PATH: /usr/sbin
PATH: /opt/java/jre/bin
PATH: /usr/bin/perlbin/site
PATH: /usr/bin/perlbin/vendor
PATH: /usr/bin/perlbin/core
PATH: /opt/qt/bin


## ----------- ##
## Core tests. ##
## ----------- ##

configure:2109: checking for a BSD-compatible install
configure:2177: result: /bin/install -c
configure:2188: checking whether build environment is sane
configure:2231: result: yes
configure:2256: checking for a thread-safe mkdir -p
configure:2295: result: /bin/mkdir -p
configure:2308: checking for gawk
configure:2324: found /bin/gawk
configure:2335: result: gawk
configure:2346: checking whether make sets $(MAKE)
configure:2368: result: yes
configure:2547: checking how to create a ustar tar archive
configure:2560: tar --version
tar (GNU tar) 1.22
Copyright (C) 2009 Free Software Foundation, Inc.
License GPLv3+: GNU GPL version 3 or later <http://gnu.org/licenses/gpl.html>.
This is free software: you are free to change and redistribute it.
There is NO WARRANTY, to the extent permitted by law.

Written by John Gilmore and Jay Fenlason.
configure:2563: $? = 0
configure:2603: tardir=conftest.dir && eval tar --format=ustar -chf - "$tardir" >conftest.tar
configure:2606: $? = 0
configure:2610: tar -xf - <conftest.tar
configure:2613: $? = 0
configure:2626: result: gnutar
configure:2721: checking build system type
configure:2739: result: x86_64-unknown-linux-gnu
configure:2761: checking host system type
configure:2776: result: x86_64-unknown-linux-gnu
configure:2810: checking for style of include used by make
configure:2838: result: GNU
configure:2908: checking for gcc
configure:2924: found /usr/bin/gcc
configure:2935: result: gcc
configure:3167: checking for C compiler version
configure:3175: gcc --version >&5
gcc (GCC) 4.4.2 20091208 (prerelease)
Copyright (C) 2009 Free Software Foundation, Inc.
This is free software; see the source for copying conditions.  There is NO
warranty; not even for MERCHANTABILITY or FITNESS FOR A PARTICULAR PURPOSE.

configure:3179: $? = 0
configure:3186: gcc -v >&5
Using built-in specs.
Target: x86_64-unknown-linux-gnu
Configured with: ../configure --prefix=/usr --enable-shared --enable-languages=c,c++,fortran,objc,obj-c++,ada --enable-threads=posix --mandir=/usr/share/man --infodir=/usr/share/info --enable-__cxa_atexit --disable-multilib --libdir=/usr/lib --libexecdir=/usr/lib --enable-clocale=gnu --disable-libstdcxx-pch --with-tune=generic
Thread model: posix
gcc version 4.4.2 20091208 (prerelease) (GCC) 
configure:3190: $? = 0
configure:3197: gcc -V >&5
gcc: '-V' option must have argument
configure:3201: $? = 1
configure:3224: checking for C compiler default output file name
configure:3246: gcc    conftest.c  >&5
configure:3250: $? = 0
configure:3288: result: a.out
configure:3307: checking whether the C compiler works
configure:3317: ./a.out
configure:3321: $? = 0
configure:3340: result: yes
configure:3347: checking whether we are cross compiling
configure:3349: result: no
configure:3352: checking for suffix of executables
configure:3359: gcc -o conftest    conftest.c  >&5
configure:3363: $? = 0
configure:3389: result: 
configure:3395: checking for suffix of object files
configure:3421: gcc -c   conftest.c >&5
configure:3425: $? = 0
configure:3450: result: o
configure:3454: checking whether we are using the GNU C compiler
configure:3483: gcc -c   conftest.c >&5
configure:3490: $? = 0
configure:3507: result: yes
configure:3516: checking whether gcc accepts -g
configure:3546: gcc -c -g  conftest.c >&5
configure:3553: $? = 0
configure:3654: result: yes
configure:3671: checking for gcc option to accept ISO C89
configure:3745: gcc  -c -g -O2  conftest.c >&5
configure:3752: $? = 0
configure:3775: result: none needed
configure:3795: checking dependency style of gcc
configure:3886: result: gcc3
configure:3901: checking for a sed that does not truncate output
configure:3957: result: /bin/sed
configure:3960: checking for grep that handles long lines and -e
configure:4020: result: /bin/grep
configure:4025: checking for egrep
configure:4089: result: /bin/grep -E
configure:4105: checking for ld used by gcc
configure:4172: result: /usr/bin/ld
configure:4181: checking if the linker (/usr/bin/ld) is GNU ld
configure:4196: result: yes
configure:4201: checking for /usr/bin/ld option to reload object files
configure:4208: result: -r
configure:4226: checking for BSD-compatible nm
configure:4275: result: /usr/bin/nm -B
configure:4279: checking whether ln -s works
configure:4283: result: yes
configure:4290: checking how to recognize dependent libraries
configure:4476: result: pass_all
configure:4565: gcc -c -g -O2  conftest.c >&5
configure:4568: $? = 0
configure:4725: checking how to run the C preprocessor
configure:4765: gcc -E  conftest.c
configure:4772: $? = 0
configure:4803: gcc -E  conftest.c
conftest.c:10:28: error: ac_nonexistent.h: No such file or directory
configure:4810: $? = 1
configure: failed program was:
| /* confdefs.h.  */
| #define PACKAGE_NAME "xapian-omega"
| #define PACKAGE_TARNAME "xapian-omega"
| #define PACKAGE_VERSION "1.0.17"
| #define PACKAGE_STRING "xapian-omega 1.0.17"
| #define PACKAGE_BUGREPORT "http://xapian.org/bugs"
| #define PACKAGE "xapian-omega"
| #define VERSION "1.0.17"
| /* end confdefs.h.  */
| #include <ac_nonexistent.h>
configure:4843: result: gcc -E
configure:4872: gcc -E  conftest.c
configure:4879: $? = 0
configure:4910: gcc -E  conftest.c
conftest.c:10:28: error: ac_nonexistent.h: No such file or directory
configure:4917: $? = 1
configure: failed program was:
| /* confdefs.h.  */
| #define PACKAGE_NAME "xapian-omega"
| #define PACKAGE_TARNAME "xapian-omega"
| #define PACKAGE_VERSION "1.0.17"
| #define PACKAGE_STRING "xapian-omega 1.0.17"
| #define PACKAGE_BUGREPORT "http://xapian.org/bugs"
| #define PACKAGE "xapian-omega"
| #define VERSION "1.0.17"
| /* end confdefs.h.  */
| #include <ac_nonexistent.h>
configure:4957: checking for ANSI C header files
configure:4987: gcc -c -g -O2  conftest.c >&5
configure:4994: $? = 0
configure:5093: gcc -o conftest -g -O2   conftest.c  >&5
configure:5097: $? = 0
configure:5103: ./conftest
configure:5107: $? = 0
configure:5125: result: yes
configure:5149: checking for sys/types.h
configure:5170: gcc -c -g -O2  conftest.c >&5
configure:5177: $? = 0
configure:5194: result: yes
configure:5149: checking for sys/stat.h
configure:5170: gcc -c -g -O2  conftest.c >&5
configure:5177: $? = 0
configure:5194: result: yes
configure:5149: checking for stdlib.h
configure:5170: gcc -c -g -O2  conftest.c >&5
configure:5177: $? = 0
configure:5194: result: yes
configure:5149: checking for string.h
configure:5170: gcc -c -g -O2  conftest.c >&5
configure:5177: $? = 0
configure:5194: result: yes
configure:5149: checking for memory.h
configure:5170: gcc -c -g -O2  conftest.c >&5
configure:5177: $? = 0
configure:5194: result: yes
configure:5149: checking for strings.h
configure:5170: gcc -c -g -O2  conftest.c >&5
configure:5177: $? = 0
configure:5194: result: yes
configure:5149: checking for inttypes.h
configure:5170: gcc -c -g -O2  conftest.c >&5
configure:5177: $? = 0
configure:5194: result: yes
configure:5149: checking for stdint.h
configure:5170: gcc -c -g -O2  conftest.c >&5
configure:5177: $? = 0
configure:5194: result: yes
configure:5149: checking for unistd.h
configure:5170: gcc -c -g -O2  conftest.c >&5
configure:5177: $? = 0
configure:5194: result: yes
configure:5224: checking dlfcn.h usability
configure:5241: gcc -c -g -O2  conftest.c >&5
configure:5248: $? = 0
configure:5262: result: yes
configure:5266: checking dlfcn.h presence
configure:5281: gcc -E  conftest.c
configure:5288: $? = 0
configure:5302: result: yes
configure:5335: checking for dlfcn.h
configure:5344: result: yes
configure:5417: checking for g++
configure:5433: found /usr/bin/g++
configure:5444: result: g++
configure:5471: checking for C++ compiler version
configure:5479: g++ --version >&5
g++ (GCC) 4.4.2 20091208 (prerelease)
Copyright (C) 2009 Free Software Foundation, Inc.
This is free software; see the source for copying conditions.  There is NO
warranty; not even for MERCHANTABILITY or FITNESS FOR A PARTICULAR PURPOSE.

configure:5483: $? = 0
configure:5490: g++ -v >&5
Using built-in specs.
Target: x86_64-unknown-linux-gnu
Configured with: ../configure --prefix=/usr --enable-shared --enable-languages=c,c++,fortran,objc,obj-c++,ada --enable-threads=posix --mandir=/usr/share/man --infodir=/usr/share/info --enable-__cxa_atexit --disable-multilib --libdir=/usr/lib --libexecdir=/usr/lib --enable-clocale=gnu --disable-libstdcxx-pch --with-tune=generic
Thread model: posix
gcc version 4.4.2 20091208 (prerelease) (GCC) 
configure:5494: $? = 0
configure:5501: g++ -V >&5
g++: '-V' option must have argument
configure:5505: $? = 1
configure:5508: checking whether we are using the GNU C++ compiler
configure:5537: g++ -c   conftest.cpp >&5
configure:5544: $? = 0
configure:5561: result: yes
configure:5570: checking whether g++ accepts -g
configure:5600: g++ -c -g  conftest.cpp >&5
configure:5607: $? = 0
configure:5708: result: yes
configure:5733: checking dependency style of g++
configure:5824: result: gcc3
configure:5849: checking how to run the C++ preprocessor
configure:5885: g++ -E  conftest.cpp
configure:5892: $? = 0
configure:5923: g++ -E  conftest.cpp
conftest.cpp:21:28: error: ac_nonexistent.h: No such file or directory
configure:5930: $? = 1
configure: failed program was:
| /* confdefs.h.  */
| #define PACKAGE_NAME "xapian-omega"
| #define PACKAGE_TARNAME "xapian-omega"
| #define PACKAGE_VERSION "1.0.17"
| #define PACKAGE_STRING "xapian-omega 1.0.17"
| #define PACKAGE_BUGREPORT "http://xapian.org/bugs"
| #define PACKAGE "xapian-omega"
| #define VERSION "1.0.17"
| #define STDC_HEADERS 1
| #define HAVE_SYS_TYPES_H 1
| #define HAVE_SYS_STAT_H 1
| #define HAVE_STDLIB_H 1
| #define HAVE_STRING_H 1
| #define HAVE_MEMORY_H 1
| #define HAVE_STRINGS_H 1
| #define HAVE_INTTYPES_H 1
| #define HAVE_STDINT_H 1
| #define HAVE_UNISTD_H 1
| #define HAVE_DLFCN_H 1
| /* end confdefs.h.  */
| #include <ac_nonexistent.h>
configure:5963: result: g++ -E
configure:5992: g++ -E  conftest.cpp
configure:5999: $? = 0
configure:6030: g++ -E  conftest.cpp
conftest.cpp:21:28: error: ac_nonexistent.h: No such file or directory
configure:6037: $? = 1
configure: failed program was:
| /* confdefs.h.  */
| #define PACKAGE_NAME "xapian-omega"
| #define PACKAGE_TARNAME "xapian-omega"
| #define PACKAGE_VERSION "1.0.17"
| #define PACKAGE_STRING "xapian-omega 1.0.17"
| #define PACKAGE_BUGREPORT "http://xapian.org/bugs"
| #define PACKAGE "xapian-omega"
| #define VERSION "1.0.17"
| #define STDC_HEADERS 1
| #define HAVE_SYS_TYPES_H 1
| #define HAVE_SYS_STAT_H 1
| #define HAVE_STDLIB_H 1
| #define HAVE_STRING_H 1
| #define HAVE_MEMORY_H 1
| #define HAVE_STRINGS_H 1
| #define HAVE_INTTYPES_H 1
| #define HAVE_STDINT_H 1
| #define HAVE_UNISTD_H 1
| #define HAVE_DLFCN_H 1
| /* end confdefs.h.  */
| #include <ac_nonexistent.h>
configure:6082: checking the maximum length of command line arguments
configure:6194: result: 1572864
configure:6206: checking command to parse /usr/bin/nm -B output from gcc object
configure:6311: g++ -c -g -O2  conftest.cpp >&5
configure:6314: $? = 0
configure:6318: /usr/bin/nm -B conftest.o \| sed -n -e 's/^.*[ 	]\([ABCDGIRSTW][ABCDGIRSTW]*\)[ 	][ 	]*\([_A-Za-z][_A-Za-z0-9]*\)$/\1 \2 \2/p' \> conftest.nm
configure:6321: $? = 0
configure:6373: g++ -o conftest -g -O2   conftest.cpp conftstm.o >&5
configure:6376: $? = 0
configure:6414: result: ok
configure:6418: checking for objdir
configure:6433: result: .libs
configure:6525: checking for ar
configure:6541: found /usr/bin/ar
configure:6552: result: ar
configure:6617: checking for ranlib
configure:6633: found /usr/bin/ranlib
configure:6644: result: ranlib
configure:6709: checking for strip
configure:6725: found /usr/bin/strip
configure:6736: result: strip
configure:7326: checking if gcc supports -fno-rtti -fno-exceptions
configure:7344: gcc -c -g -O2  -fno-rtti -fno-exceptions conftest.c >&5
cc1: warning: command line option "-fno-rtti" is valid for C++/ObjC++ but not for C
configure:7348: $? = 0
configure:7361: result: no
configure:7376: checking for gcc option to produce PIC
configure:7608: result: -fPIC
configure:7616: checking if gcc PIC flag -fPIC works
configure:7634: gcc -c -g -O2  -fPIC -DPIC conftest.c >&5
configure:7638: $? = 0
configure:7651: result: yes
configure:7679: checking if gcc static flag -static works
configure:7707: result: yes
configure:7717: checking if gcc supports -c -o file.o
configure:7738: gcc -c -g -O2  -o out/conftest2.o conftest.c >&5
configure:7742: $? = 0
configure:7764: result: yes
configure:7790: checking whether the gcc linker (/usr/bin/ld -m elf_x86_64) supports shared libraries
configure:8778: result: yes
configure:8799: checking whether -lc should be explicitly linked in
configure:8804: gcc -c -g -O2  conftest.c >&5
configure:8807: $? = 0
configure:8822: gcc -shared conftest.o  -v -Wl,-soname -Wl,conftest -o conftest 2\>\&1 \| grep  -lc  \>/dev/null 2\>\&1
configure:8825: $? = 0
configure:8837: result: no
configure:8845: checking dynamic linker characteristics
configure:9447: result: GNU/Linux ld.so
configure:9471: checking how to hardcode library paths into programs
configure:9496: result: immediate
configure:9510: checking whether stripping libraries is possible
configure:9515: result: yes
configure:10345: checking if libtool supports shared libraries
configure:10347: result: yes
configure:10350: checking whether to build shared libraries
configure:10371: result: yes
configure:10374: checking whether to build static libraries
configure:10378: result: yes
configure:10472: creating libtool
configure:11065: checking for ld used by g++
configure:11132: result: /usr/bin/ld -m elf_x86_64
configure:11141: checking if the linker (/usr/bin/ld -m elf_x86_64) is GNU ld
configure:11156: result: yes
configure:11207: checking whether the g++ linker (/usr/bin/ld -m elf_x86_64) supports shared libraries
configure:12161: result: yes
configure:12178: g++ -c -g -O2  conftest.cpp >&5
configure:12181: $? = 0
configure:12337: checking for g++ option to produce PIC
configure:12621: result: -fPIC
configure:12629: checking if g++ PIC flag -fPIC works
configure:12647: g++ -c -g -O2  -fPIC -DPIC conftest.cpp >&5
configure:12651: $? = 0
configure:12664: result: yes
configure:12692: checking if g++ static flag -static works
configure:12720: result: yes
configure:12730: checking if g++ supports -c -o file.o
configure:12751: g++ -c -g -O2  -o out/conftest2.o conftest.cpp >&5
configure:12755: $? = 0
configure:12777: result: yes
configure:12803: checking whether the g++ linker (/usr/bin/ld -m elf_x86_64) supports shared libraries
configure:12829: result: yes
configure:12896: checking dynamic linker characteristics
configure:13446: result: GNU/Linux ld.so
configure:13470: checking how to hardcode library paths into programs
configure:13495: result: immediate
configure:14019: checking for xapian-config
configure:14037: found /usr/bin/xapian-config
configure:14049: result: /usr/bin/xapian-config
configure:14076: checking /usr/bin/xapian-config works
-lxapian

configure:14080: result: yes
configure:14101: checking whether to enable maintainer-specific portions of Makefiles
configure:14110: result: no
configure:14267: checking for C++ compiler version
configure:14275: g++ --version >&5
g++ (GCC) 4.4.2 20091208 (prerelease)
Copyright (C) 2009 Free Software Foundation, Inc.
This is free software; see the source for copying conditions.  There is NO
warranty; not even for MERCHANTABILITY or FITNESS FOR A PARTICULAR PURPOSE.

configure:14279: $? = 0
configure:14286: g++ -v >&5
Using built-in specs.
Target: x86_64-unknown-linux-gnu
Configured with: ../configure --prefix=/usr --enable-shared --enable-languages=c,c++,fortran,objc,obj-c++,ada --enable-threads=posix --mandir=/usr/share/man --infodir=/usr/share/info --enable-__cxa_atexit --disable-multilib --libdir=/usr/lib --libexecdir=/usr/lib --enable-clocale=gnu --disable-libstdcxx-pch --with-tune=generic
Thread model: posix
gcc version 4.4.2 20091208 (prerelease) (GCC) 
configure:14290: $? = 0
configure:14297: g++ -V >&5
g++: '-V' option must have argument
configure:14301: $? = 1
configure:14304: checking whether we are using the GNU C++ compiler
configure:14357: result: yes
configure:14366: checking whether g++ accepts -g
configure:14504: result: yes
configure:14529: checking dependency style of g++
configure:14620: result: gcc3
configure:14664: g++ -c -g -O2   conftest.cpp >&5
configure:14671: $? = 0
configure:14694: checking for strings.h
configure:14739: result: yes
configure:14767: checking for netinet/in.h
configure:14788: g++ -c -g -O2   conftest.cpp >&5
configure:14795: $? = 0
configure:14812: result: yes
configure:14767: checking for arpa/inet.h
configure:14788: g++ -c -g -O2   conftest.cpp >&5
configure:14795: $? = 0
configure:14812: result: yes
configure:14767: checking for sys/wait.h
configure:14788: g++ -c -g -O2   conftest.cpp >&5
configure:14795: $? = 0
configure:14812: result: yes
configure:14767: checking for sys/time.h
configure:14788: g++ -c -g -O2   conftest.cpp >&5
configure:14795: $? = 0
configure:14812: result: yes
configure:14767: checking for sys/resource.h
configure:14788: g++ -c -g -O2   conftest.cpp >&5
configure:14795: $? = 0
configure:14812: result: yes
configure:14767: checking for sys/socket.h
configure:14788: g++ -c -g -O2   conftest.cpp >&5
configure:14795: $? = 0
configure:14812: result: yes
configure:14767: checking for sys/sysctl.h
configure:14788: g++ -c -g -O2   conftest.cpp >&5
configure:14795: $? = 0
configure:14812: result: yes
configure:14767: checking for vm/vm_param.h
configure:14788: g++ -c -g -O2   conftest.cpp >&5
conftest.cpp:32:25: error: vm/vm_param.h: No such file or directory
configure:14795: $? = 1
configure: failed program was:
| /* confdefs.h.  */
| #define PACKAGE_NAME "xapian-omega"
| #define PACKAGE_TARNAME "xapian-omega"
| #define PACKAGE_VERSION "1.0.17"
| #define PACKAGE_STRING "xapian-omega 1.0.17"
| #define PACKAGE_BUGREPORT "http://xapian.org/bugs"
| #define PACKAGE "xapian-omega"
| #define VERSION "1.0.17"
| #define STDC_HEADERS 1
| #define HAVE_SYS_TYPES_H 1
| #define HAVE_SYS_STAT_H 1
| #define HAVE_STDLIB_H 1
| #define HAVE_STRING_H 1
| #define HAVE_MEMORY_H 1
| #define HAVE_STRINGS_H 1
| #define HAVE_INTTYPES_H 1
| #define HAVE_STDINT_H 1
| #define HAVE_UNISTD_H 1
| #define HAVE_DLFCN_H 1
| #define HAVE_WORKING_STDINT_H 1
| #define HAVE_STRINGS_H 1
| #define HAVE_NETINET_IN_H 1
| #define HAVE_ARPA_INET_H 1
| #define HAVE_SYS_WAIT_H 1
| #define HAVE_SYS_TIME_H 1
| #define HAVE_SYS_RESOURCE_H 1
| #define HAVE_SYS_SOCKET_H 1
| #define HAVE_SYS_SYSCTL_H 1
| /* end confdefs.h.  */
| #include <sys/types.h>
| 
| #include <vm/vm_param.h>
configure:14812: result: no
configure:14767: checking for sys/vmmeter.h
configure:14788: g++ -c -g -O2   conftest.cpp >&5
conftest.cpp:32:25: error: sys/vmmeter.h: No such file or directory
configure:14795: $? = 1
configure: failed program was:
| /* confdefs.h.  */
| #define PACKAGE_NAME "xapian-omega"
| #define PACKAGE_TARNAME "xapian-omega"
| #define PACKAGE_VERSION "1.0.17"
| #define PACKAGE_STRING "xapian-omega 1.0.17"
| #define PACKAGE_BUGREPORT "http://xapian.org/bugs"
| #define PACKAGE "xapian-omega"
| #define VERSION "1.0.17"
| #define STDC_HEADERS 1
| #define HAVE_SYS_TYPES_H 1
| #define HAVE_SYS_STAT_H 1
| #define HAVE_STDLIB_H 1
| #define HAVE_STRING_H 1
| #define HAVE_MEMORY_H 1
| #define HAVE_STRINGS_H 1
| #define HAVE_INTTYPES_H 1
| #define HAVE_STDINT_H 1
| #define HAVE_UNISTD_H 1
| #define HAVE_DLFCN_H 1
| #define HAVE_WORKING_STDINT_H 1
| #define HAVE_STRINGS_H 1
| #define HAVE_NETINET_IN_H 1
| #define HAVE_ARPA_INET_H 1
| #define HAVE_SYS_WAIT_H 1
| #define HAVE_SYS_TIME_H 1
| #define HAVE_SYS_RESOURCE_H 1
| #define HAVE_SYS_SOCKET_H 1
| #define HAVE_SYS_SYSCTL_H 1
| /* end confdefs.h.  */
| #include <sys/types.h>
| 
| #include <sys/vmmeter.h>
configure:14812: result: no
configure:14767: checking for sys/sysmp.h
configure:14788: g++ -c -g -O2   conftest.cpp >&5
conftest.cpp:32:23: error: sys/sysmp.h: No such file or directory
configure:14795: $? = 1
configure: failed program was:
| /* confdefs.h.  */
| #define PACKAGE_NAME "xapian-omega"
| #define PACKAGE_TARNAME "xapian-omega"
| #define PACKAGE_VERSION "1.0.17"
| #define PACKAGE_STRING "xapian-omega 1.0.17"
| #define PACKAGE_BUGREPORT "http://xapian.org/bugs"
| #define PACKAGE "xapian-omega"
| #define VERSION "1.0.17"
| #define STDC_HEADERS 1
| #define HAVE_SYS_TYPES_H 1
| #define HAVE_SYS_STAT_H 1
| #define HAVE_STDLIB_H 1
| #define HAVE_STRING_H 1
| #define HAVE_MEMORY_H 1
| #define HAVE_STRINGS_H 1
| #define HAVE_INTTYPES_H 1
| #define HAVE_STDINT_H 1
| #define HAVE_UNISTD_H 1
| #define HAVE_DLFCN_H 1
| #define HAVE_WORKING_STDINT_H 1
| #define HAVE_STRINGS_H 1
| #define HAVE_NETINET_IN_H 1
| #define HAVE_ARPA_INET_H 1
| #define HAVE_SYS_WAIT_H 1
| #define HAVE_SYS_TIME_H 1
| #define HAVE_SYS_RESOURCE_H 1
| #define HAVE_SYS_SOCKET_H 1
| #define HAVE_SYS_SYSCTL_H 1
| /* end confdefs.h.  */
| #include <sys/types.h>
| 
| #include <sys/sysmp.h>
configure:14812: result: no
configure:14767: checking for sys/sysinfo.h
configure:14788: g++ -c -g -O2   conftest.cpp >&5
configure:14795: $? = 0
configure:14812: result: yes
configure:14767: checking for sys/pstat.h
configure:14788: g++ -c -g -O2   conftest.cpp >&5
conftest.cpp:33:23: error: sys/pstat.h: No such file or directory
configure:14795: $? = 1
configure: failed program was:
| /* confdefs.h.  */
| #define PACKAGE_NAME "xapian-omega"
| #define PACKAGE_TARNAME "xapian-omega"
| #define PACKAGE_VERSION "1.0.17"
| #define PACKAGE_STRING "xapian-omega 1.0.17"
| #define PACKAGE_BUGREPORT "http://xapian.org/bugs"
| #define PACKAGE "xapian-omega"
| #define VERSION "1.0.17"
| #define STDC_HEADERS 1
| #define HAVE_SYS_TYPES_H 1
| #define HAVE_SYS_STAT_H 1
| #define HAVE_STDLIB_H 1
| #define HAVE_STRING_H 1
| #define HAVE_MEMORY_H 1
| #define HAVE_STRINGS_H 1
| #define HAVE_INTTYPES_H 1
| #define HAVE_STDINT_H 1
| #define HAVE_UNISTD_H 1
| #define HAVE_DLFCN_H 1
| #define HAVE_WORKING_STDINT_H 1
| #define HAVE_STRINGS_H 1
| #define HAVE_NETINET_IN_H 1
| #define HAVE_ARPA_INET_H 1
| #define HAVE_SYS_WAIT_H 1
| #define HAVE_SYS_TIME_H 1
| #define HAVE_SYS_RESOURCE_H 1
| #define HAVE_SYS_SOCKET_H 1
| #define HAVE_SYS_SYSCTL_H 1
| #define HAVE_SYS_SYSINFO_H 1
| /* end confdefs.h.  */
| #include <sys/types.h>
| 
| #include <sys/pstat.h>
configure:14812: result: no
configure:14826: checking for ssize_t
configure:14854: g++ -c -g -O2   conftest.cpp >&5
configure:14861: $? = 0
configure:14888: g++ -c -g -O2   conftest.cpp >&5
conftest.cpp: In function 'int main()':
conftest.cpp:67: error: expected primary-expression before ')' token
configure:14895: $? = 1
configure: failed program was:
| /* confdefs.h.  */
| #define PACKAGE_NAME "xapian-omega"
| #define PACKAGE_TARNAME "xapian-omega"
| #define PACKAGE_VERSION "1.0.17"
| #define PACKAGE_STRING "xapian-omega 1.0.17"
| #define PACKAGE_BUGREPORT "http://xapian.org/bugs"
| #define PACKAGE "xapian-omega"
| #define VERSION "1.0.17"
| #define STDC_HEADERS 1
| #define HAVE_SYS_TYPES_H 1
| #define HAVE_SYS_STAT_H 1
| #define HAVE_STDLIB_H 1
| #define HAVE_STRING_H 1
| #define HAVE_MEMORY_H 1
| #define HAVE_STRINGS_H 1
| #define HAVE_INTTYPES_H 1
| #define HAVE_STDINT_H 1
| #define HAVE_UNISTD_H 1
| #define HAVE_DLFCN_H 1
| #define HAVE_WORKING_STDINT_H 1
| #define HAVE_STRINGS_H 1
| #define HAVE_NETINET_IN_H 1
| #define HAVE_ARPA_INET_H 1
| #define HAVE_SYS_WAIT_H 1
| #define HAVE_SYS_TIME_H 1
| #define HAVE_SYS_RESOURCE_H 1
| #define HAVE_SYS_SOCKET_H 1
| #define HAVE_SYS_SYSCTL_H 1
| #define HAVE_SYS_SYSINFO_H 1
| /* end confdefs.h.  */
| #include <stdio.h>
| #ifdef HAVE_SYS_TYPES_H
| # include <sys/types.h>
| #endif
| #ifdef HAVE_SYS_STAT_H
| # include <sys/stat.h>
| #endif
| #ifdef STDC_HEADERS
| # include <stdlib.h>
| # include <stddef.h>
| #else
| # ifdef HAVE_STDLIB_H
| #  include <stdlib.h>
| # endif
| #endif
| #ifdef HAVE_STRING_H
| # if !defined STDC_HEADERS && defined HAVE_MEMORY_H
| #  include <memory.h>
| # endif
| # include <string.h>
| #endif
| #ifdef HAVE_STRINGS_H
| # include <strings.h>
| #endif
| #ifdef HAVE_INTTYPES_H
| # include <inttypes.h>
| #endif
| #ifdef HAVE_STDINT_H
| # include <stdint.h>
| #endif
| #ifdef HAVE_UNISTD_H
| # include <unistd.h>
| #endif
| int
| main ()
| {
| if (sizeof ((ssize_t)))
| 	  return 0;
|   ;
|   return 0;
| }
configure:14918: result: yes
configure:14930: checking for mode_t
configure:14958: g++ -c -g -O2   conftest.cpp >&5
configure:14965: $? = 0
configure:14992: g++ -c -g -O2   conftest.cpp >&5
conftest.cpp: In function 'int main()':
conftest.cpp:67: error: expected primary-expression before ')' token
configure:14999: $? = 1
configure: failed program was:
| /* confdefs.h.  */
| #define PACKAGE_NAME "xapian-omega"
| #define PACKAGE_TARNAME "xapian-omega"
| #define PACKAGE_VERSION "1.0.17"
| #define PACKAGE_STRING "xapian-omega 1.0.17"
| #define PACKAGE_BUGREPORT "http://xapian.org/bugs"
| #define PACKAGE "xapian-omega"
| #define VERSION "1.0.17"
| #define STDC_HEADERS 1
| #define HAVE_SYS_TYPES_H 1
| #define HAVE_SYS_STAT_H 1
| #define HAVE_STDLIB_H 1
| #define HAVE_STRING_H 1
| #define HAVE_MEMORY_H 1
| #define HAVE_STRINGS_H 1
| #define HAVE_INTTYPES_H 1
| #define HAVE_STDINT_H 1
| #define HAVE_UNISTD_H 1
| #define HAVE_DLFCN_H 1
| #define HAVE_WORKING_STDINT_H 1
| #define HAVE_STRINGS_H 1
| #define HAVE_NETINET_IN_H 1
| #define HAVE_ARPA_INET_H 1
| #define HAVE_SYS_WAIT_H 1
| #define HAVE_SYS_TIME_H 1
| #define HAVE_SYS_RESOURCE_H 1
| #define HAVE_SYS_SOCKET_H 1
| #define HAVE_SYS_SYSCTL_H 1
| #define HAVE_SYS_SYSINFO_H 1
| /* end confdefs.h.  */
| #include <stdio.h>
| #ifdef HAVE_SYS_TYPES_H
| # include <sys/types.h>
| #endif
| #ifdef HAVE_SYS_STAT_H
| # include <sys/stat.h>
| #endif
| #ifdef STDC_HEADERS
| # include <stdlib.h>
| # include <stddef.h>
| #else
| # ifdef HAVE_STDLIB_H
| #  include <stdlib.h>
| # endif
| #endif
| #ifdef HAVE_STRING_H
| # if !defined STDC_HEADERS && defined HAVE_MEMORY_H
| #  include <memory.h>
| # endif
| # include <string.h>
| #endif
| #ifdef HAVE_STRINGS_H
| # include <strings.h>
| #endif
| #ifdef HAVE_INTTYPES_H
| # include <inttypes.h>
| #endif
| #ifdef HAVE_STDINT_H
| # include <stdint.h>
| #endif
| #ifdef HAVE_UNISTD_H
| # include <unistd.h>
| #endif
| int
| main ()
| {
| if (sizeof ((mode_t)))
| 	  return 0;
|   ;
|   return 0;
| }
configure:15022: result: yes
configure:15034: checking for pid_t
configure:15062: g++ -c -g -O2   conftest.cpp >&5
configure:15069: $? = 0
configure:15096: g++ -c -g -O2   conftest.cpp >&5
conftest.cpp: In function 'int main()':
conftest.cpp:67: error: expected primary-expression before ')' token
configure:15103: $? = 1
configure: failed program was:
| /* confdefs.h.  */
| #define PACKAGE_NAME "xapian-omega"
| #define PACKAGE_TARNAME "xapian-omega"
| #define PACKAGE_VERSION "1.0.17"
| #define PACKAGE_STRING "xapian-omega 1.0.17"
| #define PACKAGE_BUGREPORT "http://xapian.org/bugs"
| #define PACKAGE "xapian-omega"
| #define VERSION "1.0.17"
| #define STDC_HEADERS 1
| #define HAVE_SYS_TYPES_H 1
| #define HAVE_SYS_STAT_H 1
| #define HAVE_STDLIB_H 1
| #define HAVE_STRING_H 1
| #define HAVE_MEMORY_H 1
| #define HAVE_STRINGS_H 1
| #define HAVE_INTTYPES_H 1
| #define HAVE_STDINT_H 1
| #define HAVE_UNISTD_H 1
| #define HAVE_DLFCN_H 1
| #define HAVE_WORKING_STDINT_H 1
| #define HAVE_STRINGS_H 1
| #define HAVE_NETINET_IN_H 1
| #define HAVE_ARPA_INET_H 1
| #define HAVE_SYS_WAIT_H 1
| #define HAVE_SYS_TIME_H 1
| #define HAVE_SYS_RESOURCE_H 1
| #define HAVE_SYS_SOCKET_H 1
| #define HAVE_SYS_SYSCTL_H 1
| #define HAVE_SYS_SYSINFO_H 1
| /* end confdefs.h.  */
| #include <stdio.h>
| #ifdef HAVE_SYS_TYPES_H
| # include <sys/types.h>
| #endif
| #ifdef HAVE_SYS_STAT_H
| # include <sys/stat.h>
| #endif
| #ifdef STDC_HEADERS
| # include <stdlib.h>
| # include <stddef.h>
| #else
| # ifdef HAVE_STDLIB_H
| #  include <stdlib.h>
| # endif
| #endif
| #ifdef HAVE_STRING_H
| # if !defined STDC_HEADERS && defined HAVE_MEMORY_H
| #  include <memory.h>
| # endif
| # include <string.h>
| #endif
| #ifdef HAVE_STRINGS_H
| # include <strings.h>
| #endif
| #ifdef HAVE_INTTYPES_H
| # include <inttypes.h>
| #endif
| #ifdef HAVE_STDINT_H
| # include <stdint.h>
| #endif
| #ifdef HAVE_UNISTD_H
| # include <unistd.h>
| #endif
| int
| main ()
| {
| if (sizeof ((pid_t)))
| 	  return 0;
|   ;
|   return 0;
| }
configure:15126: result: yes
configure:15143: checking for strftime
configure:15199: g++ -o conftest -g -O2    conftest.cpp  >&5
configure:15206: $? = 0
configure:15228: result: yes
configure:15320: checking for gettimeofday
configure:15376: g++ -o conftest -g -O2    conftest.cpp  >&5
configure:15383: $? = 0
configure:15405: result: yes
configure:15320: checking for ftime
configure:15376: g++ -o conftest -g -O2    conftest.cpp  >&5
configure:15383: $? = 0
configure:15405: result: yes
configure:15440: g++ -c -g -O2   conftest.cpp >&5
configure:15447: $? = 0
configure:15471: checking for lstat
configure:15527: g++ -o conftest -g -O2    conftest.cpp  >&5
configure:15534: $? = 0
configure:15556: result: yes
configure:15573: checking for mkdtemp
configure:15629: g++ -o conftest -g -O2    conftest.cpp  >&5
configure:15636: $? = 0
configure:15658: result: yes
configure:15710: g++ -o conftest -g -O2    conftest.cpp  >&5
configure:15717: $? = 0
configure:15750: checking for mmap
configure:15806: g++ -o conftest -g -O2    conftest.cpp  >&5
configure:15813: $? = 0
configure:15835: result: yes
configure:15750: checking for fork
configure:15806: g++ -o conftest -g -O2    conftest.cpp  >&5
configure:15813: $? = 0
configure:15835: result: yes
configure:15750: checking for setrlimit
configure:15806: g++ -o conftest -g -O2    conftest.cpp  >&5
configure:15813: $? = 0
configure:15835: result: yes
configure:15750: checking for sysmp
configure:15806: g++ -o conftest -g -O2    conftest.cpp  >&5
/tmp/cc2VATgq.o: In function `main':
/home/louis/Projects/Reading/Indexer/xapian-omega-1.0.17/conftest.cpp:74: undefined reference to `sysmp'
collect2: ld returned 1 exit status
configure:15813: $? = 1
configure: failed program was:
| /* confdefs.h.  */
| #define PACKAGE_NAME "xapian-omega"
| #define PACKAGE_TARNAME "xapian-omega"
| #define PACKAGE_VERSION "1.0.17"
| #define PACKAGE_STRING "xapian-omega 1.0.17"
| #define PACKAGE_BUGREPORT "http://xapian.org/bugs"
| #define PACKAGE "xapian-omega"
| #define VERSION "1.0.17"
| #define STDC_HEADERS 1
| #define HAVE_SYS_TYPES_H 1
| #define HAVE_SYS_STAT_H 1
| #define HAVE_STDLIB_H 1
| #define HAVE_STRING_H 1
| #define HAVE_MEMORY_H 1
| #define HAVE_STRINGS_H 1
| #define HAVE_INTTYPES_H 1
| #define HAVE_STDINT_H 1
| #define HAVE_UNISTD_H 1
| #define HAVE_DLFCN_H 1
| #define HAVE_WORKING_STDINT_H 1
| #define HAVE_STRINGS_H 1
| #define HAVE_NETINET_IN_H 1
| #define HAVE_ARPA_INET_H 1
| #define HAVE_SYS_WAIT_H 1
| #define HAVE_SYS_TIME_H 1
| #define HAVE_SYS_RESOURCE_H 1
| #define HAVE_SYS_SOCKET_H 1
| #define HAVE_SYS_SYSCTL_H 1
| #define HAVE_SYS_SYSINFO_H 1
| #define HAVE_STRFTIME 1
| #define HAVE_GETTIMEOFDAY 1
| #define HAVE_FTIME 1
| #define HAVE_LSTAT 1
| #define HAVE_MKDTEMP 1
| #define HAVE_POSIX_FADVISE 1
| #define HAVE_MMAP 1
| #define HAVE_FORK 1
| #define HAVE_SETRLIMIT 1
| /* end confdefs.h.  */
| /* Define sysmp to an innocuous variant, in case <limits.h> declares sysmp.
|    For example, HP-UX 11i <limits.h> declares gettimeofday.  */
| #define sysmp innocuous_sysmp
| 
| /* System header to define __stub macros and hopefully few prototypes,
|     which can conflict with char sysmp (); below.
|     Prefer <limits.h> to <assert.h> if __STDC__ is defined, since
|     <limits.h> exists even on freestanding compilers.  */
| 
| #ifdef __STDC__
| # include <limits.h>
| #else
| # include <assert.h>
| #endif
| 
| #undef sysmp
| 
| /* Override any GCC internal prototype to avoid an error.
|    Use char because int might match the return type of a GCC
|    builtin and then its argument prototype would still apply.  */
| #ifdef __cplusplus
| extern "C"
| #endif
| char sysmp ();
| /* The GNU C library defines this for functions which it implements
|     to always fail with ENOSYS.  Some functions are actually named
|     something starting with __ and the normal name is an alias.  */
| #if defined __stub_sysmp || defined __stub___sysmp
| choke me
| #endif
| 
| int
| main ()
| {
| return sysmp ();
|   ;
|   return 0;
| }
configure:15835: result: no
configure:15750: checking for pstat_getdynamic
configure:15806: g++ -o conftest -g -O2    conftest.cpp  >&5
/tmp/cc4Avh1F.o: In function `main':
/home/louis/Projects/Reading/Indexer/xapian-omega-1.0.17/conftest.cpp:74: undefined reference to `pstat_getdynamic'
collect2: ld returned 1 exit status
configure:15813: $? = 1
configure: failed program was:
| /* confdefs.h.  */
| #define PACKAGE_NAME "xapian-omega"
| #define PACKAGE_TARNAME "xapian-omega"
| #define PACKAGE_VERSION "1.0.17"
| #define PACKAGE_STRING "xapian-omega 1.0.17"
| #define PACKAGE_BUGREPORT "http://xapian.org/bugs"
| #define PACKAGE "xapian-omega"
| #define VERSION "1.0.17"
| #define STDC_HEADERS 1
| #define HAVE_SYS_TYPES_H 1
| #define HAVE_SYS_STAT_H 1
| #define HAVE_STDLIB_H 1
| #define HAVE_STRING_H 1
| #define HAVE_MEMORY_H 1
| #define HAVE_STRINGS_H 1
| #define HAVE_INTTYPES_H 1
| #define HAVE_STDINT_H 1
| #define HAVE_UNISTD_H 1
| #define HAVE_DLFCN_H 1
| #define HAVE_WORKING_STDINT_H 1
| #define HAVE_STRINGS_H 1
| #define HAVE_NETINET_IN_H 1
| #define HAVE_ARPA_INET_H 1
| #define HAVE_SYS_WAIT_H 1
| #define HAVE_SYS_TIME_H 1
| #define HAVE_SYS_RESOURCE_H 1
| #define HAVE_SYS_SOCKET_H 1
| #define HAVE_SYS_SYSCTL_H 1
| #define HAVE_SYS_SYSINFO_H 1
| #define HAVE_STRFTIME 1
| #define HAVE_GETTIMEOFDAY 1
| #define HAVE_FTIME 1
| #define HAVE_LSTAT 1
| #define HAVE_MKDTEMP 1
| #define HAVE_POSIX_FADVISE 1
| #define HAVE_MMAP 1
| #define HAVE_FORK 1
| #define HAVE_SETRLIMIT 1
| /* end confdefs.h.  */
| /* Define pstat_getdynamic to an innocuous variant, in case <limits.h> declares pstat_getdynamic.
|    For example, HP-UX 11i <limits.h> declares gettimeofday.  */
| #define pstat_getdynamic innocuous_pstat_getdynamic
| 
| /* System header to define __stub macros and hopefully few prototypes,
|     which can conflict with char pstat_getdynamic (); below.
|     Prefer <limits.h> to <assert.h> if __STDC__ is defined, since
|     <limits.h> exists even on freestanding compilers.  */
| 
| #ifdef __STDC__
| # include <limits.h>
| #else
| # include <assert.h>
| #endif
| 
| #undef pstat_getdynamic
| 
| /* Override any GCC internal prototype to avoid an error.
|    Use char because int might match the return type of a GCC
|    builtin and then its argument prototype would still apply.  */
| #ifdef __cplusplus
| extern "C"
| #endif
| char pstat_getdynamic ();
| /* The GNU C library defines this for functions which it implements
|     to always fail with ENOSYS.  Some functions are actually named
|     something starting with __ and the normal name is an alias.  */
| #if defined __stub_pstat_getdynamic || defined __stub___pstat_getdynamic
| choke me
| #endif
| 
| int
| main ()
| {
| return pstat_getdynamic ();
|   ;
|   return 0;
| }
configure:15835: result: no
configure:15848: checking for library containing socketpair
configure:15889: g++ -o conftest -g -O2    conftest.cpp  >&5
configure:15896: $? = 0
configure:15927: result: none required
configure:15940: checking for working ISO C90 conforming snprintf
configure:15983: g++ -o conftest -g -O2    conftest.cpp  >&5
configure:15987: $? = 0
configure:15993: ./conftest
configure:15997: $? = 0
configure:16019: result: snprintf
configure:16062: checking for library containing iconv
configure:16103: g++ -o conftest -g -O2    conftest.cpp  >&5
configure:16110: $? = 0
configure:16141: result: none required
configure:16293: checking for type of input pointer for iconv
configure:16329: g++ -o conftest -g -O2    conftest.cpp  >&5
configure:16336: $? = 0
configure:16374: result: char*
configure:16392: checking whether byte ordering is bigendian
configure:16417: g++ -c -g -O2   conftest.cpp >&5
conftest.cpp:46: error: expected unqualified-id before '!' token
configure:16424: $? = 1
configure: failed program was:
| /* confdefs.h.  */
| #define PACKAGE_NAME "xapian-omega"
| #define PACKAGE_TARNAME "xapian-omega"
| #define PACKAGE_VERSION "1.0.17"
| #define PACKAGE_STRING "xapian-omega 1.0.17"
| #define PACKAGE_BUGREPORT "http://xapian.org/bugs"
| #define PACKAGE "xapian-omega"
| #define VERSION "1.0.17"
| #define STDC_HEADERS 1
| #define HAVE_SYS_TYPES_H 1
| #define HAVE_SYS_STAT_H 1
| #define HAVE_STDLIB_H 1
| #define HAVE_STRING_H 1
| #define HAVE_MEMORY_H 1
| #define HAVE_STRINGS_H 1
| #define HAVE_INTTYPES_H 1
| #define HAVE_STDINT_H 1
| #define HAVE_UNISTD_H 1
| #define HAVE_DLFCN_H 1
| #define HAVE_WORKING_STDINT_H 1
| #define HAVE_STRINGS_H 1
| #define HAVE_NETINET_IN_H 1
| #define HAVE_ARPA_INET_H 1
| #define HAVE_SYS_WAIT_H 1
| #define HAVE_SYS_TIME_H 1
| #define HAVE_SYS_RESOURCE_H 1
| #define HAVE_SYS_SOCKET_H 1
| #define HAVE_SYS_SYSCTL_H 1
| #define HAVE_SYS_SYSINFO_H 1
| #define HAVE_STRFTIME 1
| #define HAVE_GETTIMEOFDAY 1
| #define HAVE_FTIME 1
| #define HAVE_LSTAT 1
| #define HAVE_MKDTEMP 1
| #define HAVE_POSIX_FADVISE 1
| #define HAVE_MMAP 1
| #define HAVE_FORK 1
| #define HAVE_SETRLIMIT 1
| #define HAVE_SOCKETPAIR 1
| #define SNPRINTF_ISO snprintf
| #define SNPRINTF snprintf
| #define ICONV_INPUT_TYPE char*
| #define USE_ICONV 1
| /* end confdefs.h.  */
| #ifndef __APPLE_CC__
| 	       not a universal capable compiler
| 	     #endif
| 	     typedef int dummy;
| 
configure:16474: g++ -c -g -O2   conftest.cpp >&5
configure:16481: $? = 0
configure:16513: g++ -c -g -O2   conftest.cpp >&5
conftest.cpp: In function 'int main()':
conftest.cpp:52: error: 'big' was not declared in this scope
conftest.cpp:52: error: expected ';' before 'endian'
configure:16520: $? = 1
configure: failed program was:
| /* confdefs.h.  */
| #define PACKAGE_NAME "xapian-omega"
| #define PACKAGE_TARNAME "xapian-omega"
| #define PACKAGE_VERSION "1.0.17"
| #define PACKAGE_STRING "xapian-omega 1.0.17"
| #define PACKAGE_BUGREPORT "http://xapian.org/bugs"
| #define PACKAGE "xapian-omega"
| #define VERSION "1.0.17"
| #define STDC_HEADERS 1
| #define HAVE_SYS_TYPES_H 1
| #define HAVE_SYS_STAT_H 1
| #define HAVE_STDLIB_H 1
| #define HAVE_STRING_H 1
| #define HAVE_MEMORY_H 1
| #define HAVE_STRINGS_H 1
| #define HAVE_INTTYPES_H 1
| #define HAVE_STDINT_H 1
| #define HAVE_UNISTD_H 1
| #define HAVE_DLFCN_H 1
| #define HAVE_WORKING_STDINT_H 1
| #define HAVE_STRINGS_H 1
| #define HAVE_NETINET_IN_H 1
| #define HAVE_ARPA_INET_H 1
| #define HAVE_SYS_WAIT_H 1
| #define HAVE_SYS_TIME_H 1
| #define HAVE_SYS_RESOURCE_H 1
| #define HAVE_SYS_SOCKET_H 1
| #define HAVE_SYS_SYSCTL_H 1
| #define HAVE_SYS_SYSINFO_H 1
| #define HAVE_STRFTIME 1
| #define HAVE_GETTIMEOFDAY 1
| #define HAVE_FTIME 1
| #define HAVE_LSTAT 1
| #define HAVE_MKDTEMP 1
| #define HAVE_POSIX_FADVISE 1
| #define HAVE_MMAP 1
| #define HAVE_FORK 1
| #define HAVE_SETRLIMIT 1
| #define HAVE_SOCKETPAIR 1
| #define SNPRINTF_ISO snprintf
| #define SNPRINTF snprintf
| #define ICONV_INPUT_TYPE char*
| #define USE_ICONV 1
| /* end confdefs.h.  */
| #include <sys/types.h>
| 		#include <sys/param.h>
| 
| int
| main ()
| {
| #if BYTE_ORDER != BIG_ENDIAN
| 		 not big endian
| 		#endif
| 
|   ;
|   return 0;
| }
configure:16772: result: no
configure:17197: creating ./config.status

## ---------------------- ##
## Running config.status. ##
## ---------------------- ##

This file was extended by xapian-omega config.status 1.0.17, which was
generated by GNU Autoconf 2.63.  Invocation command line was

  CONFIG_FILES    = 
  CONFIG_HEADERS  = 
  CONFIG_LINKS    = 
  CONFIG_COMMANDS = 
  $ ./config.status 

on folders

config.status:840: creating Makefile
config.status:840: creating docs/Makefile
config.status:840: creating xapian-omega.spec
config.status:840: creating makemanpage
config.status:840: creating config.h
config.status:1114: executing depfiles commands

## ---------------- ##
## Cache variables. ##
## ---------------- ##

ac_cv_build=x86_64-unknown-linux-gnu
ac_cv_c_bigendian=no
ac_cv_c_compiler_gnu=yes
ac_cv_cxx_compiler_gnu=yes
ac_cv_env_CCC_set=
ac_cv_env_CCC_value=
ac_cv_env_CC_set=
ac_cv_env_CC_value=
ac_cv_env_CFLAGS_set=
ac_cv_env_CFLAGS_value=
ac_cv_env_CPPFLAGS_set=
ac_cv_env_CPPFLAGS_value=
ac_cv_env_CPP_set=
ac_cv_env_CPP_value=
ac_cv_env_CXXCPP_set=
ac_cv_env_CXXCPP_value=
ac_cv_env_CXXFLAGS_set=
ac_cv_env_CXXFLAGS_value=
ac_cv_env_CXX_set=
ac_cv_env_CXX_value=
ac_cv_env_LDFLAGS_set=
ac_cv_env_LDFLAGS_value=
ac_cv_env_LIBS_set=
ac_cv_env_LIBS_value=
ac_cv_env_XAPIAN_CONFIG_set=
ac_cv_env_XAPIAN_CONFIG_value=
ac_cv_env_build_alias_set=
ac_cv_env_build_alias_value=
ac_cv_env_host_alias_set=
ac_cv_env_host_alias_value=
ac_cv_env_target_alias_set=
ac_cv_env_target_alias_value=
ac_cv_func_fork=yes
ac_cv_func_ftime=yes
ac_cv_func_gettimeofday=yes
ac_cv_func_lstat=yes
ac_cv_func_mkdtemp=yes
ac_cv_func_mmap=yes
ac_cv_func_pstat_getdynamic=no
ac_cv_func_setrlimit=yes
ac_cv_func_snprintf=snprintf
ac_cv_func_snprintf_noniso=no
ac_cv_func_strftime=yes
ac_cv_func_sysmp=no
ac_cv_header_arpa_inet_h=yes
ac_cv_header_dlfcn_h=yes
ac_cv_header_inttypes_h=yes
ac_cv_header_memory_h=yes
ac_cv_header_netinet_in_h=yes
ac_cv_header_stdc=yes
ac_cv_header_stdint_h=yes
ac_cv_header_stdlib_h=yes
ac_cv_header_string_h=yes
ac_cv_header_strings_h=yes
ac_cv_header_sys_pstat_h=no
ac_cv_header_sys_resource_h=yes
ac_cv_header_sys_socket_h=yes
ac_cv_header_sys_stat_h=yes
ac_cv_header_sys_sysctl_h=yes
ac_cv_header_sys_sysinfo_h=yes
ac_cv_header_sys_sysmp_h=no
ac_cv_header_sys_time_h=yes
ac_cv_header_sys_types_h=yes
ac_cv_header_sys_vmmeter_h=no
ac_cv_header_sys_wait_h=yes
ac_cv_header_unistd_h=yes
ac_cv_header_vm_vm_param_h=no
ac_cv_host=x86_64-unknown-linux-gnu
ac_cv_objext=o
ac_cv_path_EGREP='/bin/grep -E'
ac_cv_path_GREP=/bin/grep
ac_cv_path_XAPIAN_CONFIG=/usr/bin/xapian-config
ac_cv_path_install='/bin/install -c'
ac_cv_path_mkdir=/bin/mkdir
ac_cv_prog_AWK=gawk
ac_cv_prog_CPP='gcc -E'
ac_cv_prog_CXXCPP='g++ -E'
ac_cv_prog_ac_ct_AR=ar
ac_cv_prog_ac_ct_CC=gcc
ac_cv_prog_ac_ct_CXX=g++
ac_cv_prog_ac_ct_RANLIB=ranlib
ac_cv_prog_ac_ct_STRIP=strip
ac_cv_prog_cc_c89=
ac_cv_prog_cc_g=yes
ac_cv_prog_cxx_g=yes
ac_cv_prog_make_make_set=yes
ac_cv_search_iconv='none required'
ac_cv_search_socketpair='none required'
ac_cv_type_mode_t=yes
ac_cv_type_pid_t=yes
ac_cv_type_ssize_t=yes
am_cv_CC_dependencies_compiler_type=gcc3
am_cv_CXX_dependencies_compiler_type=gcc3
am_cv_prog_tar_ustar=gnutar
lt_cv_deplibs_check_method=pass_all
lt_cv_file_magic_cmd='$MAGIC_CMD'
lt_cv_file_magic_test_file=
lt_cv_ld_reload_flag=-r
lt_cv_objdir=.libs
lt_cv_path_LD=/usr/bin/ld
lt_cv_path_LDCXX='/usr/bin/ld -m elf_x86_64'
lt_cv_path_NM='/usr/bin/nm -B'
lt_cv_path_SED=/bin/sed
lt_cv_prog_compiler_c_o=yes
lt_cv_prog_compiler_c_o_CXX=yes
lt_cv_prog_compiler_pic_works=yes
lt_cv_prog_compiler_pic_works_CXX=yes
lt_cv_prog_compiler_rtti_exceptions=no
lt_cv_prog_compiler_static_works=yes
lt_cv_prog_compiler_static_works_CXX=yes
lt_cv_prog_gnu_ld=yes
lt_cv_prog_gnu_ldcxx=yes
lt_cv_sys_global_symbol_pipe='sed -n -e '\''s/^.*[ 	]\([ABCDGIRSTW][ABCDGIRSTW]*\)[ 	][ 	]*\([_A-Za-z][_A-Za-z0-9]*\)$/\1 \2 \2/p'\'''
lt_cv_sys_global_symbol_to_c_name_address='sed -n -e '\''s/^: \([^ ]*\) $/  {\"\1\", (lt_ptr) 0},/p'\'' -e '\''s/^[BCDEGRST] \([^ ]*\) \([^ ]*\)$/  {"\2", (lt_ptr) \&\2},/p'\'''
lt_cv_sys_global_symbol_to_cdecl='sed -n -e '\''s/^. .* \(.*\)$/extern int \1;/p'\'''
lt_cv_sys_lib_dlsearch_path_spec='/lib /usr/lib /opt/lib32/lib /opt/lib32/usr/lib /usr/lib/libfakeroot /opt/qt/lib '
lt_cv_sys_lib_search_path_spec='/usr/lib/gcc/x86_64-unknown-linux-gnu/4.4.2 /usr/lib /lib'
lt_cv_sys_max_cmd_len=1572864
lt_lt_cv_prog_compiler_c_o='"yes"'
lt_lt_cv_prog_compiler_c_o_CXX='"yes"'
lt_lt_cv_sys_global_symbol_pipe='"sed -n -e '\''s/^.*[ 	]\\([ABCDGIRSTW][ABCDGIRSTW]*\\)[ 	][ 	]*\\([_A-Za-z][_A-Za-z0-9]*\\)\$/\\1 \\2 \\2/p'\''"'
lt_lt_cv_sys_global_symbol_to_c_name_address='"sed -n -e '\''s/^: \\([^ ]*\\) \$/  {\\\"\\1\\\", (lt_ptr) 0},/p'\'' -e '\''s/^[BCDEGRST] \\([^ ]*\\) \\([^ ]*\\)\$/  {\"\\2\", (lt_ptr) \\&\\2},/p'\''"'
lt_lt_cv_sys_global_symbol_to_cdecl='"sed -n -e '\''s/^. .* \\(.*\\)\$/extern int \\1;/p'\''"'
xo_cv_iconv_input='char*'

## ----------------- ##
## Output variables. ##
## ----------------- ##

ACLOCAL='${SHELL} /home/louis/Projects/Reading/Indexer/xapian-omega-1.0.17/missing --run aclocal-1.10'
AMDEPBACKSLASH='\'
AMDEP_FALSE='#'
AMDEP_TRUE=''
AMTAR='${SHELL} /home/louis/Projects/Reading/Indexer/xapian-omega-1.0.17/missing --run tar'
AM_CXXFLAGS=' -Wall -W -Wredundant-decls -Wpointer-arith -Wcast-qual -Wcast-align -Wno-long-long -Wformat-security -fno-gnu-keywords -Wundef -Wshadow -Wstrict-null-sentinel -Wstrict-overflow=1 -Winit-self -Wlogical-op -Wmissing-declarations -fvisibility=hidden'
AR='ar'
AUTOCONF='${SHELL} /home/louis/Projects/Reading/Indexer/xapian-omega-1.0.17/missing --run autoconf'
AUTOHEADER='${SHELL} /home/louis/Projects/Reading/Indexer/xapian-omega-1.0.17/missing --run autoheader'
AUTOMAKE='${SHELL} /home/louis/Projects/Reading/Indexer/xapian-omega-1.0.17/missing --run automake-1.10'
AWK='gawk'
CC='gcc'
CCDEPMODE='depmode=gcc3'
CFLAGS='-g -O2'
CPP='gcc -E'
CPPFLAGS=''
CXX='g++'
CXXCPP='g++ -E'
CXXDEPMODE='depmode=gcc3'
CXXFLAGS='-g -O2'
CYGPATH_W='echo'
DEFS='-DHAVE_CONFIG_H'
DEPDIR='.deps'
DOCUMENTATION_RULES_FALSE=''
DOCUMENTATION_RULES_TRUE='#'
DSYMUTIL=''
ECHO='echo'
ECHO_C=''
ECHO_N='-n'
ECHO_T=''
EGREP='/bin/grep -E'
EXEEXT=''
GREP='/bin/grep'
HELP2MAN=''
ICONV_LDFLAGS=''
INSTALL_DATA='${INSTALL} -m 644'
INSTALL_PROGRAM='${INSTALL}'
INSTALL_SCRIPT='${INSTALL}'
INSTALL_STRIP_PROGRAM='$(install_sh) -c -s'
LDFLAGS=''
LIBOBJS=''
LIBS=''
LIBTOOL='$(SHELL) $(top_builddir)/libtool'
LN_S='ln -s'
LTLIBOBJS=''
MAINT='#'
MAINTAINER_MODE_FALSE=''
MAINTAINER_MODE_TRUE='#'
MAINTAINER_NO_DOCS_FALSE=''
MAINTAINER_NO_DOCS_TRUE='#'
MAKEINFO='${SHELL} /home/louis/Projects/Reading/Indexer/xapian-omega-1.0.17/missing --run makeinfo'
MKDIR_P='/bin/mkdir -p'
NEED_MKDTEMP_FALSE=''
NEED_MKDTEMP_TRUE='#'
NMEDIT=''
OBJEXT='o'
PACKAGE='xapian-omega'
PACKAGE_BUGREPORT='http://xapian.org/bugs'
PACKAGE_NAME='xapian-omega'
PACKAGE_STRING='xapian-omega 1.0.17'
PACKAGE_TARNAME='xapian-omega'
PACKAGE_VERSION='1.0.17'
PATH_SEPARATOR=':'
PERL=''
QUIET=''
RANLIB='ranlib'
RST2HTML=''
SED='/bin/sed'
SET_MAKE=''
SHELL='/bin/sh'
STRIP='strip'
VERSION='1.0.17'
XAPIAN_CONFIG='/usr/bin/xapian-config'
XAPIAN_CXXFLAGS=''
XAPIAN_LIBS='-lxapian'
XAPIAN_VERSION='1.0.17'
ac_ct_CC='gcc'
ac_ct_CXX='g++'
am__fastdepCC_FALSE='#'
am__fastdepCC_TRUE=''
am__fastdepCXX_FALSE='#'
am__fastdepCXX_TRUE=''
am__include='include'
am__isrc=''
am__leading_dot='.'
am__quote=''
am__tar='tar --format=ustar -chf - "$$tardir"'
am__untar='tar -xf -'
bindir='${exec_prefix}/bin'
build='x86_64-unknown-linux-gnu'
build_alias=''
build_cpu='x86_64'
build_os='linux-gnu'
build_vendor='unknown'
datadir='${datarootdir}'
datarootdir='${prefix}/share'
docdir='${datarootdir}/doc/${PACKAGE_TARNAME}'
dvidir='${docdir}'
exec_prefix='${prefix}'
host='x86_64-unknown-linux-gnu'
host_alias=''
host_cpu='x86_64'
host_os='linux-gnu'
host_vendor='unknown'
htmldir='${docdir}'
includedir='${prefix}/include'
infodir='${datarootdir}/info'
install_sh='$(SHELL) /home/louis/Projects/Reading/Indexer/xapian-omega-1.0.17/install-sh'
libdir='${exec_prefix}/lib'
libexecdir='${exec_prefix}/libexec'
localedir='${datarootdir}/locale'
localstatedir='${prefix}/var'
mandir='${datarootdir}/man'
mkdir_p='/bin/mkdir -p'
oldincludedir='/usr/include'
pdfdir='${docdir}'
prefix='/usr/local'
program_transform_name='s,x,x,'
psdir='${docdir}'
sbindir='${exec_prefix}/sbin'
sharedstatedir='${prefix}/com'
sysconfdir='${prefix}/etc'
target_alias=''

## ----------- ##
## confdefs.h. ##
## ----------- ##

#define PACKAGE_NAME "xapian-omega"
#define PACKAGE_TARNAME "xapian-omega"
#define PACKAGE_VERSION "1.0.17"
#define PACKAGE_STRING "xapian-omega 1.0.17"
#define PACKAGE_BUGREPORT "http://xapian.org/bugs"
#define PACKAGE "xapian-omega"
#define VERSION "1.0.17"
#define STDC_HEADERS 1
#define HAVE_SYS_TYPES_H 1
#define HAVE_SYS_STAT_H 1
#define HAVE_STDLIB_H 1
#define HAVE_STRING_H 1
#define HAVE_MEMORY_H 1
#define HAVE_STRINGS_H 1
#define HAVE_INTTYPES_H 1
#define HAVE_STDINT_H 1
#define HAVE_UNISTD_H 1
#define HAVE_DLFCN_H 1
#define HAVE_WORKING_STDINT_H 1
#define HAVE_STRINGS_H 1
#define HAVE_NETINET_IN_H 1
#define HAVE_ARPA_INET_H 1
#define HAVE_SYS_WAIT_H 1
#define HAVE_SYS_TIME_H 1
#define HAVE_SYS_RESOURCE_H 1
#define HAVE_SYS_SOCKET_H 1
#define HAVE_SYS_SYSCTL_H 1
#define HAVE_SYS_SYSINFO_H 1
#define HAVE_STRFTIME 1
#define HAVE_GETTIMEOFDAY 1
#define HAVE_FTIME 1
#define HAVE_LSTAT 1
#define HAVE_MKDTEMP 1
#define HAVE_POSIX_FADVISE 1
#define HAVE_MMAP 1
#define HAVE_FORK 1
#define HAVE_SETRLIMIT 1
#define HAVE_SOCKETPAIR 1
#define SNPRINTF_ISO snprintf
#define SNPRINTF snprintf
#define ICONV_INPUT_TYPE char*
#define USE_ICONV 1

configure: exit 0
